[2022-06-08 09:09:40] local.ERROR: Cannot declare class App\Supplier, because the name is already in use {"exception":"[object] (Symfony\\Component\\ErrorHandler\\Error\\FatalError(code: 0): Cannot declare class App\\Supplier, because the name is already in use at C:\\xampp\\htdocs\\aha-inventory\\app\\Supplierr.php:7)
[stacktrace]
#0 {main}
"} 
[2022-06-08 09:09:40] local.ERROR: Cannot declare class App\Supplier, because the name is already in use {"exception":"[object] (Symfony\\Component\\ErrorHandler\\Error\\FatalError(code: 0): Cannot declare class App\\Supplier, because the name is already in use at C:\\xampp\\htdocs\\aha-inventory\\app\\Supplierr.php:7)
[stacktrace]
#0 {main}
"} 
[2022-06-08 09:10:40] local.ERROR: Cannot declare class App\Supplier, because the name is already in use {"exception":"[object] (Symfony\\Component\\ErrorHandler\\Error\\FatalError(code: 0): Cannot declare class App\\Supplier, because the name is already in use at C:\\xampp\\htdocs\\aha-inventory\\app\\Supplierr.php:7)
[stacktrace]
#0 {main}
"} 
[2022-06-08 09:11:40] local.ERROR: Cannot declare class App\Supplier, because the name is already in use {"exception":"[object] (Symfony\\Component\\ErrorHandler\\Error\\FatalError(code: 0): Cannot declare class App\\Supplier, because the name is already in use at C:\\xampp\\htdocs\\aha-inventory\\app\\Supplierr.php:7)
[stacktrace]
#0 {main}
"} 
[2022-06-08 09:12:40] local.ERROR: Cannot declare class App\Supplier, because the name is already in use {"exception":"[object] (Symfony\\Component\\ErrorHandler\\Error\\FatalError(code: 0): Cannot declare class App\\Supplier, because the name is already in use at C:\\xampp\\htdocs\\aha-inventory\\app\\Supplierr.php:7)
[stacktrace]
#0 {main}
"} 
[2022-06-08 09:13:40] local.ERROR: Cannot declare class App\Supplier, because the name is already in use {"exception":"[object] (Symfony\\Component\\ErrorHandler\\Error\\FatalError(code: 0): Cannot declare class App\\Supplier, because the name is already in use at C:\\xampp\\htdocs\\aha-inventory\\app\\Supplierr.php:7)
[stacktrace]
#0 {main}
"} 
[2022-06-08 09:14:40] local.ERROR: Cannot declare class App\Supplier, because the name is already in use {"exception":"[object] (Symfony\\Component\\ErrorHandler\\Error\\FatalError(code: 0): Cannot declare class App\\Supplier, because the name is already in use at C:\\xampp\\htdocs\\aha-inventory\\app\\Supplierr.php:7)
[stacktrace]
#0 {main}
"} 
[2022-06-08 09:15:40] local.ERROR: Cannot declare class App\Supplier, because the name is already in use {"exception":"[object] (Symfony\\Component\\ErrorHandler\\Error\\FatalError(code: 0): Cannot declare class App\\Supplier, because the name is already in use at C:\\xampp\\htdocs\\aha-inventory\\app\\Supplierr.php:7)
[stacktrace]
#0 {main}
"} 
[2022-06-08 09:16:40] local.ERROR: Cannot declare class App\Supplier, because the name is already in use {"exception":"[object] (Symfony\\Component\\ErrorHandler\\Error\\FatalError(code: 0): Cannot declare class App\\Supplier, because the name is already in use at C:\\xampp\\htdocs\\aha-inventory\\app\\Supplierr.php:7)
[stacktrace]
#0 {main}
"} 
[2022-06-08 09:17:40] local.ERROR: Cannot declare class App\Supplier, because the name is already in use {"exception":"[object] (Symfony\\Component\\ErrorHandler\\Error\\FatalError(code: 0): Cannot declare class App\\Supplier, because the name is already in use at C:\\xampp\\htdocs\\aha-inventory\\app\\Supplierr.php:7)
[stacktrace]
#0 {main}
"} 
[2022-06-08 09:18:40] local.ERROR: Cannot declare class App\Supplier, because the name is already in use {"exception":"[object] (Symfony\\Component\\ErrorHandler\\Error\\FatalError(code: 0): Cannot declare class App\\Supplier, because the name is already in use at C:\\xampp\\htdocs\\aha-inventory\\app\\Supplierr.php:7)
[stacktrace]
#0 {main}
"} 
[2022-06-08 09:19:40] local.ERROR: Cannot declare class App\Supplier, because the name is already in use {"exception":"[object] (Symfony\\Component\\ErrorHandler\\Error\\FatalError(code: 0): Cannot declare class App\\Supplier, because the name is already in use at C:\\xampp\\htdocs\\aha-inventory\\app\\Supplierr.php:7)
[stacktrace]
#0 {main}
"} 
[2022-06-08 09:20:40] local.ERROR: Cannot declare class App\Supplier, because the name is already in use {"exception":"[object] (Symfony\\Component\\ErrorHandler\\Error\\FatalError(code: 0): Cannot declare class App\\Supplier, because the name is already in use at C:\\xampp\\htdocs\\aha-inventory\\app\\Supplierr.php:7)
[stacktrace]
#0 {main}
"} 
[2022-06-08 09:21:40] local.ERROR: Cannot declare class App\Supplier, because the name is already in use {"exception":"[object] (Symfony\\Component\\ErrorHandler\\Error\\FatalError(code: 0): Cannot declare class App\\Supplier, because the name is already in use at C:\\xampp\\htdocs\\aha-inventory\\app\\Supplierr.php:7)
[stacktrace]
#0 {main}
"} 
[2022-06-08 09:22:40] local.ERROR: Cannot declare class App\Supplier, because the name is already in use {"exception":"[object] (Symfony\\Component\\ErrorHandler\\Error\\FatalError(code: 0): Cannot declare class App\\Supplier, because the name is already in use at C:\\xampp\\htdocs\\aha-inventory\\app\\Supplierr.php:7)
[stacktrace]
#0 {main}
"} 
[2022-06-08 09:23:40] local.ERROR: Cannot declare class App\Supplier, because the name is already in use {"exception":"[object] (Symfony\\Component\\ErrorHandler\\Error\\FatalError(code: 0): Cannot declare class App\\Supplier, because the name is already in use at C:\\xampp\\htdocs\\aha-inventory\\app\\Supplierr.php:7)
[stacktrace]
#0 {main}
"} 
[2022-06-08 09:24:40] local.ERROR: Cannot declare class App\Supplier, because the name is already in use {"exception":"[object] (Symfony\\Component\\ErrorHandler\\Error\\FatalError(code: 0): Cannot declare class App\\Supplier, because the name is already in use at C:\\xampp\\htdocs\\aha-inventory\\app\\Supplierr.php:7)
[stacktrace]
#0 {main}
"} 
[2022-06-08 09:25:40] local.ERROR: Cannot declare class App\Supplier, because the name is already in use {"exception":"[object] (Symfony\\Component\\ErrorHandler\\Error\\FatalError(code: 0): Cannot declare class App\\Supplier, because the name is already in use at C:\\xampp\\htdocs\\aha-inventory\\app\\Supplierr.php:7)
[stacktrace]
#0 {main}
"} 
[2022-06-08 09:26:40] local.ERROR: Cannot declare class App\Supplier, because the name is already in use {"exception":"[object] (Symfony\\Component\\ErrorHandler\\Error\\FatalError(code: 0): Cannot declare class App\\Supplier, because the name is already in use at C:\\xampp\\htdocs\\aha-inventory\\app\\Supplierr.php:7)
[stacktrace]
#0 {main}
"} 
[2022-06-08 09:27:40] local.ERROR: Cannot declare class App\Supplier, because the name is already in use {"exception":"[object] (Symfony\\Component\\ErrorHandler\\Error\\FatalError(code: 0): Cannot declare class App\\Supplier, because the name is already in use at C:\\xampp\\htdocs\\aha-inventory\\app\\Supplierr.php:7)
[stacktrace]
#0 {main}
"} 
[2022-06-08 09:28:40] local.ERROR: Cannot declare class App\Supplier, because the name is already in use {"exception":"[object] (Symfony\\Component\\ErrorHandler\\Error\\FatalError(code: 0): Cannot declare class App\\Supplier, because the name is already in use at C:\\xampp\\htdocs\\aha-inventory\\app\\Supplierr.php:7)
[stacktrace]
#0 {main}
"} 
[2022-06-08 09:29:40] local.ERROR: Cannot declare class App\Supplier, because the name is already in use {"exception":"[object] (Symfony\\Component\\ErrorHandler\\Error\\FatalError(code: 0): Cannot declare class App\\Supplier, because the name is already in use at C:\\xampp\\htdocs\\aha-inventory\\app\\Supplierr.php:7)
[stacktrace]
#0 {main}
"} 
[2022-06-08 09:30:40] local.ERROR: Cannot declare class App\Supplier, because the name is already in use {"exception":"[object] (Symfony\\Component\\ErrorHandler\\Error\\FatalError(code: 0): Cannot declare class App\\Supplier, because the name is already in use at C:\\xampp\\htdocs\\aha-inventory\\app\\Supplierr.php:7)
[stacktrace]
#0 {main}
"} 
[2022-06-08 09:31:40] local.ERROR: Cannot declare class App\Supplier, because the name is already in use {"exception":"[object] (Symfony\\Component\\ErrorHandler\\Error\\FatalError(code: 0): Cannot declare class App\\Supplier, because the name is already in use at C:\\xampp\\htdocs\\aha-inventory\\app\\Supplierr.php:7)
[stacktrace]
#0 {main}
"} 
[2022-06-08 09:32:40] local.ERROR: Cannot declare class App\Supplier, because the name is already in use {"exception":"[object] (Symfony\\Component\\ErrorHandler\\Error\\FatalError(code: 0): Cannot declare class App\\Supplier, because the name is already in use at C:\\xampp\\htdocs\\aha-inventory\\app\\Supplierr.php:7)
[stacktrace]
#0 {main}
"} 
[2022-06-08 09:33:40] local.ERROR: Cannot declare class App\Supplier, because the name is already in use {"exception":"[object] (Symfony\\Component\\ErrorHandler\\Error\\FatalError(code: 0): Cannot declare class App\\Supplier, because the name is already in use at C:\\xampp\\htdocs\\aha-inventory\\app\\Supplierr.php:7)
[stacktrace]
#0 {main}
"} 
[2022-06-08 09:34:40] local.ERROR: Cannot declare class App\Supplier, because the name is already in use {"exception":"[object] (Symfony\\Component\\ErrorHandler\\Error\\FatalError(code: 0): Cannot declare class App\\Supplier, because the name is already in use at C:\\xampp\\htdocs\\aha-inventory\\app\\Supplierr.php:7)
[stacktrace]
#0 {main}
"} 
[2022-06-08 09:35:40] local.ERROR: Cannot declare class App\Supplier, because the name is already in use {"exception":"[object] (Symfony\\Component\\ErrorHandler\\Error\\FatalError(code: 0): Cannot declare class App\\Supplier, because the name is already in use at C:\\xampp\\htdocs\\aha-inventory\\app\\Supplierr.php:7)
[stacktrace]
#0 {main}
"} 
[2022-06-08 09:36:40] local.ERROR: Cannot declare class App\Supplier, because the name is already in use {"exception":"[object] (Symfony\\Component\\ErrorHandler\\Error\\FatalError(code: 0): Cannot declare class App\\Supplier, because the name is already in use at C:\\xampp\\htdocs\\aha-inventory\\app\\Supplierr.php:7)
[stacktrace]
#0 {main}
"} 
[2022-06-08 09:37:40] local.ERROR: Cannot declare class App\Supplier, because the name is already in use {"exception":"[object] (Symfony\\Component\\ErrorHandler\\Error\\FatalError(code: 0): Cannot declare class App\\Supplier, because the name is already in use at C:\\xampp\\htdocs\\aha-inventory\\app\\Supplierr.php:7)
[stacktrace]
#0 {main}
"} 
[2022-06-08 09:38:40] local.ERROR: Cannot declare class App\Supplier, because the name is already in use {"exception":"[object] (Symfony\\Component\\ErrorHandler\\Error\\FatalError(code: 0): Cannot declare class App\\Supplier, because the name is already in use at C:\\xampp\\htdocs\\aha-inventory\\app\\Supplierr.php:7)
[stacktrace]
#0 {main}
"} 
[2022-06-08 09:39:40] local.ERROR: Cannot declare class App\Supplier, because the name is already in use {"exception":"[object] (Symfony\\Component\\ErrorHandler\\Error\\FatalError(code: 0): Cannot declare class App\\Supplier, because the name is already in use at C:\\xampp\\htdocs\\aha-inventory\\app\\Supplierr.php:7)
[stacktrace]
#0 {main}
"} 
[2022-06-08 09:40:40] local.ERROR: Cannot declare class App\Supplier, because the name is already in use {"exception":"[object] (Symfony\\Component\\ErrorHandler\\Error\\FatalError(code: 0): Cannot declare class App\\Supplier, because the name is already in use at C:\\xampp\\htdocs\\aha-inventory\\app\\Supplierr.php:7)
[stacktrace]
#0 {main}
"} 
[2022-06-08 09:41:40] local.ERROR: Cannot declare class App\Supplier, because the name is already in use {"exception":"[object] (Symfony\\Component\\ErrorHandler\\Error\\FatalError(code: 0): Cannot declare class App\\Supplier, because the name is already in use at C:\\xampp\\htdocs\\aha-inventory\\app\\Supplierr.php:7)
[stacktrace]
#0 {main}
"} 
[2022-06-08 09:42:40] local.ERROR: Cannot declare class App\Supplier, because the name is already in use {"exception":"[object] (Symfony\\Component\\ErrorHandler\\Error\\FatalError(code: 0): Cannot declare class App\\Supplier, because the name is already in use at C:\\xampp\\htdocs\\aha-inventory\\app\\Supplierr.php:7)
[stacktrace]
#0 {main}
"} 
[2022-06-08 09:43:40] local.ERROR: Cannot declare class App\Supplier, because the name is already in use {"exception":"[object] (Symfony\\Component\\ErrorHandler\\Error\\FatalError(code: 0): Cannot declare class App\\Supplier, because the name is already in use at C:\\xampp\\htdocs\\aha-inventory\\app\\Supplierr.php:7)
[stacktrace]
#0 {main}
"} 
[2022-06-08 09:44:40] local.ERROR: Cannot declare class App\Supplier, because the name is already in use {"exception":"[object] (Symfony\\Component\\ErrorHandler\\Error\\FatalError(code: 0): Cannot declare class App\\Supplier, because the name is already in use at C:\\xampp\\htdocs\\aha-inventory\\app\\Supplierr.php:7)
[stacktrace]
#0 {main}
"} 
[2022-06-08 09:45:40] local.ERROR: Cannot declare class App\Supplier, because the name is already in use {"exception":"[object] (Symfony\\Component\\ErrorHandler\\Error\\FatalError(code: 0): Cannot declare class App\\Supplier, because the name is already in use at C:\\xampp\\htdocs\\aha-inventory\\app\\Supplierr.php:7)
[stacktrace]
#0 {main}
"} 
[2022-06-08 09:46:40] local.ERROR: Cannot declare class App\Supplier, because the name is already in use {"exception":"[object] (Symfony\\Component\\ErrorHandler\\Error\\FatalError(code: 0): Cannot declare class App\\Supplier, because the name is already in use at C:\\xampp\\htdocs\\aha-inventory\\app\\Supplierr.php:7)
[stacktrace]
#0 {main}
"} 
[2022-06-08 09:47:40] local.ERROR: Cannot declare class App\Supplier, because the name is already in use {"exception":"[object] (Symfony\\Component\\ErrorHandler\\Error\\FatalError(code: 0): Cannot declare class App\\Supplier, because the name is already in use at C:\\xampp\\htdocs\\aha-inventory\\app\\Supplierr.php:7)
[stacktrace]
#0 {main}
"} 
[2022-06-08 09:48:40] local.ERROR: Cannot declare class App\Supplier, because the name is already in use {"exception":"[object] (Symfony\\Component\\ErrorHandler\\Error\\FatalError(code: 0): Cannot declare class App\\Supplier, because the name is already in use at C:\\xampp\\htdocs\\aha-inventory\\app\\Supplierr.php:7)
[stacktrace]
#0 {main}
"} 
[2022-06-08 09:49:40] local.ERROR: Cannot declare class App\Supplier, because the name is already in use {"exception":"[object] (Symfony\\Component\\ErrorHandler\\Error\\FatalError(code: 0): Cannot declare class App\\Supplier, because the name is already in use at C:\\xampp\\htdocs\\aha-inventory\\app\\Supplierr.php:7)
[stacktrace]
#0 {main}
"} 
[2022-06-08 09:50:40] local.ERROR: Cannot declare class App\Supplier, because the name is already in use {"exception":"[object] (Symfony\\Component\\ErrorHandler\\Error\\FatalError(code: 0): Cannot declare class App\\Supplier, because the name is already in use at C:\\xampp\\htdocs\\aha-inventory\\app\\Supplierr.php:7)
[stacktrace]
#0 {main}
"} 
[2022-06-08 09:51:40] local.ERROR: Cannot declare class App\Supplier, because the name is already in use {"exception":"[object] (Symfony\\Component\\ErrorHandler\\Error\\FatalError(code: 0): Cannot declare class App\\Supplier, because the name is already in use at C:\\xampp\\htdocs\\aha-inventory\\app\\Supplierr.php:7)
[stacktrace]
#0 {main}
"} 
[2022-06-08 09:52:40] local.ERROR: Cannot declare class App\Supplier, because the name is already in use {"exception":"[object] (Symfony\\Component\\ErrorHandler\\Error\\FatalError(code: 0): Cannot declare class App\\Supplier, because the name is already in use at C:\\xampp\\htdocs\\aha-inventory\\app\\Supplierr.php:7)
[stacktrace]
#0 {main}
"} 
[2022-06-08 09:53:09] local.ERROR: Cannot declare class App\Supplier, because the name is already in use {"exception":"[object] (Symfony\\Component\\ErrorHandler\\Error\\FatalError(code: 0): Cannot declare class App\\Supplier, because the name is already in use at C:\\xampp\\htdocs\\aha-inventory1\\app\\Supplierr.php:7)
[stacktrace]
#0 {main}
"} 
[2022-06-08 09:53:09] local.ERROR: Cannot declare class App\Supplier, because the name is already in use {"exception":"[object] (Symfony\\Component\\ErrorHandler\\Error\\FatalError(code: 0): Cannot declare class App\\Supplier, because the name is already in use at C:\\xampp\\htdocs\\aha-inventory1\\app\\Supplierr.php:7)
[stacktrace]
#0 {main}
"} 
[2022-06-08 09:53:40] local.ERROR: Cannot declare class App\Supplier, because the name is already in use {"exception":"[object] (Symfony\\Component\\ErrorHandler\\Error\\FatalError(code: 0): Cannot declare class App\\Supplier, because the name is already in use at C:\\xampp\\htdocs\\aha-inventory\\app\\Supplierr.php:7)
[stacktrace]
#0 {main}
"} 
[2022-06-08 09:54:09] local.ERROR: Cannot declare class App\Supplier, because the name is already in use {"exception":"[object] (Symfony\\Component\\ErrorHandler\\Error\\FatalError(code: 0): Cannot declare class App\\Supplier, because the name is already in use at C:\\xampp\\htdocs\\aha-inventory1\\app\\Supplierr.php:7)
[stacktrace]
#0 {main}
"} 
[2022-06-08 09:54:40] local.ERROR: Cannot declare class App\Supplier, because the name is already in use {"exception":"[object] (Symfony\\Component\\ErrorHandler\\Error\\FatalError(code: 0): Cannot declare class App\\Supplier, because the name is already in use at C:\\xampp\\htdocs\\aha-inventory\\app\\Supplierr.php:7)
[stacktrace]
#0 {main}
"} 
[2022-06-08 09:55:09] local.ERROR: Cannot declare class App\Supplier, because the name is already in use {"exception":"[object] (Symfony\\Component\\ErrorHandler\\Error\\FatalError(code: 0): Cannot declare class App\\Supplier, because the name is already in use at C:\\xampp\\htdocs\\aha-inventory1\\app\\Supplierr.php:7)
[stacktrace]
#0 {main}
"} 
[2022-06-08 09:55:40] local.ERROR: Cannot declare class App\Supplier, because the name is already in use {"exception":"[object] (Symfony\\Component\\ErrorHandler\\Error\\FatalError(code: 0): Cannot declare class App\\Supplier, because the name is already in use at C:\\xampp\\htdocs\\aha-inventory\\app\\Supplierr.php:7)
[stacktrace]
#0 {main}
"} 
[2022-06-08 09:56:09] local.ERROR: Cannot declare class App\Supplier, because the name is already in use {"exception":"[object] (Symfony\\Component\\ErrorHandler\\Error\\FatalError(code: 0): Cannot declare class App\\Supplier, because the name is already in use at C:\\xampp\\htdocs\\aha-inventory1\\app\\Supplierr.php:7)
[stacktrace]
#0 {main}
"} 
[2022-06-08 09:56:40] local.ERROR: Cannot declare class App\Supplier, because the name is already in use {"exception":"[object] (Symfony\\Component\\ErrorHandler\\Error\\FatalError(code: 0): Cannot declare class App\\Supplier, because the name is already in use at C:\\xampp\\htdocs\\aha-inventory\\app\\Supplierr.php:7)
[stacktrace]
#0 {main}
"} 
[2022-06-08 09:57:09] local.ERROR: Cannot declare class App\Supplier, because the name is already in use {"exception":"[object] (Symfony\\Component\\ErrorHandler\\Error\\FatalError(code: 0): Cannot declare class App\\Supplier, because the name is already in use at C:\\xampp\\htdocs\\aha-inventory1\\app\\Supplierr.php:7)
[stacktrace]
#0 {main}
"} 
[2022-06-08 09:57:40] local.ERROR: Cannot declare class App\Supplier, because the name is already in use {"exception":"[object] (Symfony\\Component\\ErrorHandler\\Error\\FatalError(code: 0): Cannot declare class App\\Supplier, because the name is already in use at C:\\xampp\\htdocs\\aha-inventory\\app\\Supplierr.php:7)
[stacktrace]
#0 {main}
"} 
[2022-06-08 09:58:09] local.ERROR: Cannot declare class App\Supplier, because the name is already in use {"exception":"[object] (Symfony\\Component\\ErrorHandler\\Error\\FatalError(code: 0): Cannot declare class App\\Supplier, because the name is already in use at C:\\xampp\\htdocs\\aha-inventory1\\app\\Supplierr.php:7)
[stacktrace]
#0 {main}
"} 
[2022-06-08 09:58:40] local.ERROR: Cannot declare class App\Supplier, because the name is already in use {"exception":"[object] (Symfony\\Component\\ErrorHandler\\Error\\FatalError(code: 0): Cannot declare class App\\Supplier, because the name is already in use at C:\\xampp\\htdocs\\aha-inventory\\app\\Supplierr.php:7)
[stacktrace]
#0 {main}
"} 
[2022-06-08 09:59:09] local.ERROR: Cannot declare class App\Supplier, because the name is already in use {"exception":"[object] (Symfony\\Component\\ErrorHandler\\Error\\FatalError(code: 0): Cannot declare class App\\Supplier, because the name is already in use at C:\\xampp\\htdocs\\aha-inventory1\\app\\Supplierr.php:7)
[stacktrace]
#0 {main}
"} 
[2022-06-08 09:59:40] local.ERROR: Cannot declare class App\Supplier, because the name is already in use {"exception":"[object] (Symfony\\Component\\ErrorHandler\\Error\\FatalError(code: 0): Cannot declare class App\\Supplier, because the name is already in use at C:\\xampp\\htdocs\\aha-inventory\\app\\Supplierr.php:7)
[stacktrace]
#0 {main}
"} 
[2022-06-08 10:00:09] local.ERROR: Cannot declare class App\Supplier, because the name is already in use {"exception":"[object] (Symfony\\Component\\ErrorHandler\\Error\\FatalError(code: 0): Cannot declare class App\\Supplier, because the name is already in use at C:\\xampp\\htdocs\\aha-inventory1\\app\\Supplierr.php:7)
[stacktrace]
#0 {main}
"} 
[2022-06-08 10:00:40] local.ERROR: Cannot declare class App\Supplier, because the name is already in use {"exception":"[object] (Symfony\\Component\\ErrorHandler\\Error\\FatalError(code: 0): Cannot declare class App\\Supplier, because the name is already in use at C:\\xampp\\htdocs\\aha-inventory\\app\\Supplierr.php:7)
[stacktrace]
#0 {main}
"} 
[2022-06-08 10:01:09] local.ERROR: Cannot declare class App\Supplier, because the name is already in use {"exception":"[object] (Symfony\\Component\\ErrorHandler\\Error\\FatalError(code: 0): Cannot declare class App\\Supplier, because the name is already in use at C:\\xampp\\htdocs\\aha-inventory1\\app\\Supplierr.php:7)
[stacktrace]
#0 {main}
"} 
[2022-06-08 10:32:43] local.ERROR: Cannot declare class App\Supplier, because the name is already in use {"exception":"[object] (Symfony\\Component\\ErrorHandler\\Error\\FatalError(code: 0): Cannot declare class App\\Supplier, because the name is already in use at C:\\xampp\\htdocs\\aha-inventory\\app\\Supplierr.php:7)
[stacktrace]
#0 {main}
"} 
[2022-06-08 10:32:43] local.ERROR: Cannot declare class App\Supplier, because the name is already in use {"exception":"[object] (Symfony\\Component\\ErrorHandler\\Error\\FatalError(code: 0): Cannot declare class App\\Supplier, because the name is already in use at C:\\xampp\\htdocs\\aha-inventory\\app\\Supplierr.php:7)
[stacktrace]
#0 {main}
"} 
[2022-06-08 10:33:43] local.ERROR: Cannot declare class App\Supplier, because the name is already in use {"exception":"[object] (Symfony\\Component\\ErrorHandler\\Error\\FatalError(code: 0): Cannot declare class App\\Supplier, because the name is already in use at C:\\xampp\\htdocs\\aha-inventory\\app\\Supplierr.php:7)
[stacktrace]
#0 {main}
"} 
[2022-06-08 10:34:43] local.ERROR: Cannot declare class App\Supplier, because the name is already in use {"exception":"[object] (Symfony\\Component\\ErrorHandler\\Error\\FatalError(code: 0): Cannot declare class App\\Supplier, because the name is already in use at C:\\xampp\\htdocs\\aha-inventory\\app\\Supplierr.php:7)
[stacktrace]
#0 {main}
"} 
[2022-06-08 10:35:43] local.ERROR: Cannot declare class App\Supplier, because the name is already in use {"exception":"[object] (Symfony\\Component\\ErrorHandler\\Error\\FatalError(code: 0): Cannot declare class App\\Supplier, because the name is already in use at C:\\xampp\\htdocs\\aha-inventory\\app\\Supplierr.php:7)
[stacktrace]
#0 {main}
"} 
[2022-06-08 10:36:43] local.ERROR: Cannot declare class App\Supplier, because the name is already in use {"exception":"[object] (Symfony\\Component\\ErrorHandler\\Error\\FatalError(code: 0): Cannot declare class App\\Supplier, because the name is already in use at C:\\xampp\\htdocs\\aha-inventory\\app\\Supplierr.php:7)
[stacktrace]
#0 {main}
"} 
[2022-06-08 10:37:43] local.ERROR: Cannot declare class App\Supplier, because the name is already in use {"exception":"[object] (Symfony\\Component\\ErrorHandler\\Error\\FatalError(code: 0): Cannot declare class App\\Supplier, because the name is already in use at C:\\xampp\\htdocs\\aha-inventory\\app\\Supplierr.php:7)
[stacktrace]
#0 {main}
"} 
[2022-06-08 10:38:43] local.ERROR: Cannot declare class App\Supplier, because the name is already in use {"exception":"[object] (Symfony\\Component\\ErrorHandler\\Error\\FatalError(code: 0): Cannot declare class App\\Supplier, because the name is already in use at C:\\xampp\\htdocs\\aha-inventory\\app\\Supplierr.php:7)
[stacktrace]
#0 {main}
"} 
[2022-06-08 10:39:43] local.ERROR: Cannot declare class App\Supplier, because the name is already in use {"exception":"[object] (Symfony\\Component\\ErrorHandler\\Error\\FatalError(code: 0): Cannot declare class App\\Supplier, because the name is already in use at C:\\xampp\\htdocs\\aha-inventory\\app\\Supplierr.php:7)
[stacktrace]
#0 {main}
"} 
[2022-06-08 10:40:43] local.ERROR: Cannot declare class App\Supplier, because the name is already in use {"exception":"[object] (Symfony\\Component\\ErrorHandler\\Error\\FatalError(code: 0): Cannot declare class App\\Supplier, because the name is already in use at C:\\xampp\\htdocs\\aha-inventory\\app\\Supplierr.php:7)
[stacktrace]
#0 {main}
"} 
[2022-06-08 10:41:43] local.ERROR: Cannot declare class App\Supplier, because the name is already in use {"exception":"[object] (Symfony\\Component\\ErrorHandler\\Error\\FatalError(code: 0): Cannot declare class App\\Supplier, because the name is already in use at C:\\xampp\\htdocs\\aha-inventory\\app\\Supplierr.php:7)
[stacktrace]
#0 {main}
"} 
[2022-06-08 10:42:43] local.ERROR: Cannot declare class App\Supplier, because the name is already in use {"exception":"[object] (Symfony\\Component\\ErrorHandler\\Error\\FatalError(code: 0): Cannot declare class App\\Supplier, because the name is already in use at C:\\xampp\\htdocs\\aha-inventory\\app\\Supplierr.php:7)
[stacktrace]
#0 {main}
"} 
[2022-06-08 10:43:43] local.ERROR: Cannot declare class App\Supplier, because the name is already in use {"exception":"[object] (Symfony\\Component\\ErrorHandler\\Error\\FatalError(code: 0): Cannot declare class App\\Supplier, because the name is already in use at C:\\xampp\\htdocs\\aha-inventory\\app\\Supplierr.php:7)
[stacktrace]
#0 {main}
"} 
[2022-06-08 10:44:43] local.ERROR: Cannot declare class App\Supplier, because the name is already in use {"exception":"[object] (Symfony\\Component\\ErrorHandler\\Error\\FatalError(code: 0): Cannot declare class App\\Supplier, because the name is already in use at C:\\xampp\\htdocs\\aha-inventory\\app\\Supplierr.php:7)
[stacktrace]
#0 {main}
"} 
[2022-06-08 10:45:43] local.ERROR: Cannot declare class App\Supplier, because the name is already in use {"exception":"[object] (Symfony\\Component\\ErrorHandler\\Error\\FatalError(code: 0): Cannot declare class App\\Supplier, because the name is already in use at C:\\xampp\\htdocs\\aha-inventory\\app\\Supplierr.php:7)
[stacktrace]
#0 {main}
"} 
[2022-06-08 10:46:43] local.ERROR: Cannot declare class App\Supplier, because the name is already in use {"exception":"[object] (Symfony\\Component\\ErrorHandler\\Error\\FatalError(code: 0): Cannot declare class App\\Supplier, because the name is already in use at C:\\xampp\\htdocs\\aha-inventory\\app\\Supplierr.php:7)
[stacktrace]
#0 {main}
"} 
[2022-06-08 10:47:43] local.ERROR: Cannot declare class App\Supplier, because the name is already in use {"exception":"[object] (Symfony\\Component\\ErrorHandler\\Error\\FatalError(code: 0): Cannot declare class App\\Supplier, because the name is already in use at C:\\xampp\\htdocs\\aha-inventory\\app\\Supplierr.php:7)
[stacktrace]
#0 {main}
"} 
[2022-06-08 10:47:55] local.ERROR: Cannot declare class App\Supplier, because the name is already in use {"exception":"[object] (Symfony\\Component\\ErrorHandler\\Error\\FatalError(code: 0): Cannot declare class App\\Supplier, because the name is already in use at C:\\xampp\\htdocs\\aha-inventory\\app\\Supplierr.php:7)
[stacktrace]
#0 {main}
"} 
[2022-06-08 10:48:43] local.ERROR: Cannot declare class App\Supplier, because the name is already in use {"exception":"[object] (Symfony\\Component\\ErrorHandler\\Error\\FatalError(code: 0): Cannot declare class App\\Supplier, because the name is already in use at C:\\xampp\\htdocs\\aha-inventory\\app\\Supplierr.php:7)
[stacktrace]
#0 {main}
"} 
[2022-06-08 10:49:43] local.ERROR: Cannot declare class App\Supplier, because the name is already in use {"exception":"[object] (Symfony\\Component\\ErrorHandler\\Error\\FatalError(code: 0): Cannot declare class App\\Supplier, because the name is already in use at C:\\xampp\\htdocs\\aha-inventory\\app\\Supplierr.php:7)
[stacktrace]
#0 {main}
"} 
[2022-06-08 10:50:43] local.ERROR: Cannot declare class App\Supplier, because the name is already in use {"exception":"[object] (Symfony\\Component\\ErrorHandler\\Error\\FatalError(code: 0): Cannot declare class App\\Supplier, because the name is already in use at C:\\xampp\\htdocs\\aha-inventory\\app\\Supplierr.php:7)
[stacktrace]
#0 {main}
"} 
[2022-06-08 10:51:43] local.ERROR: Cannot declare class App\Supplier, because the name is already in use {"exception":"[object] (Symfony\\Component\\ErrorHandler\\Error\\FatalError(code: 0): Cannot declare class App\\Supplier, because the name is already in use at C:\\xampp\\htdocs\\aha-inventory\\app\\Supplierr.php:7)
[stacktrace]
#0 {main}
"} 
[2022-06-08 10:52:43] local.ERROR: Cannot declare class App\Supplier, because the name is already in use {"exception":"[object] (Symfony\\Component\\ErrorHandler\\Error\\FatalError(code: 0): Cannot declare class App\\Supplier, because the name is already in use at C:\\xampp\\htdocs\\aha-inventory\\app\\Supplierr.php:7)
[stacktrace]
#0 {main}
"} 
[2022-06-08 10:53:43] local.ERROR: Cannot declare class App\Supplier, because the name is already in use {"exception":"[object] (Symfony\\Component\\ErrorHandler\\Error\\FatalError(code: 0): Cannot declare class App\\Supplier, because the name is already in use at C:\\xampp\\htdocs\\aha-inventory\\app\\Supplierr.php:7)
[stacktrace]
#0 {main}
"} 
[2022-06-08 10:54:43] local.ERROR: Cannot declare class App\Supplier, because the name is already in use {"exception":"[object] (Symfony\\Component\\ErrorHandler\\Error\\FatalError(code: 0): Cannot declare class App\\Supplier, because the name is already in use at C:\\xampp\\htdocs\\aha-inventory\\app\\Supplierr.php:7)
[stacktrace]
#0 {main}
"} 
[2022-06-08 10:55:43] local.ERROR: Cannot declare class App\Supplier, because the name is already in use {"exception":"[object] (Symfony\\Component\\ErrorHandler\\Error\\FatalError(code: 0): Cannot declare class App\\Supplier, because the name is already in use at C:\\xampp\\htdocs\\aha-inventory\\app\\Supplierr.php:7)
[stacktrace]
#0 {main}
"} 
[2022-06-08 10:56:43] local.ERROR: Cannot declare class App\Supplier, because the name is already in use {"exception":"[object] (Symfony\\Component\\ErrorHandler\\Error\\FatalError(code: 0): Cannot declare class App\\Supplier, because the name is already in use at C:\\xampp\\htdocs\\aha-inventory\\app\\Supplierr.php:7)
[stacktrace]
#0 {main}
"} 
[2022-06-08 10:57:43] local.ERROR: Cannot declare class App\Supplier, because the name is already in use {"exception":"[object] (Symfony\\Component\\ErrorHandler\\Error\\FatalError(code: 0): Cannot declare class App\\Supplier, because the name is already in use at C:\\xampp\\htdocs\\aha-inventory\\app\\Supplierr.php:7)
[stacktrace]
#0 {main}
"} 
[2022-06-08 10:58:43] local.ERROR: Cannot declare class App\Supplier, because the name is already in use {"exception":"[object] (Symfony\\Component\\ErrorHandler\\Error\\FatalError(code: 0): Cannot declare class App\\Supplier, because the name is already in use at C:\\xampp\\htdocs\\aha-inventory\\app\\Supplierr.php:7)
[stacktrace]
#0 {main}
"} 
[2022-06-08 10:59:43] local.ERROR: Cannot declare class App\Supplier, because the name is already in use {"exception":"[object] (Symfony\\Component\\ErrorHandler\\Error\\FatalError(code: 0): Cannot declare class App\\Supplier, because the name is already in use at C:\\xampp\\htdocs\\aha-inventory\\app\\Supplierr.php:7)
[stacktrace]
#0 {main}
"} 
[2022-06-08 11:00:43] local.ERROR: Cannot declare class App\Supplier, because the name is already in use {"exception":"[object] (Symfony\\Component\\ErrorHandler\\Error\\FatalError(code: 0): Cannot declare class App\\Supplier, because the name is already in use at C:\\xampp\\htdocs\\aha-inventory\\app\\Supplierr.php:7)
[stacktrace]
#0 {main}
"} 
[2022-06-08 11:01:43] local.ERROR: Cannot declare class App\Supplier, because the name is already in use {"exception":"[object] (Symfony\\Component\\ErrorHandler\\Error\\FatalError(code: 0): Cannot declare class App\\Supplier, because the name is already in use at C:\\xampp\\htdocs\\aha-inventory\\app\\Supplierr.php:7)
[stacktrace]
#0 {main}
"} 
[2022-06-08 11:02:43] local.ERROR: Cannot declare class App\Supplier, because the name is already in use {"exception":"[object] (Symfony\\Component\\ErrorHandler\\Error\\FatalError(code: 0): Cannot declare class App\\Supplier, because the name is already in use at C:\\xampp\\htdocs\\aha-inventory\\app\\Supplierr.php:7)
[stacktrace]
#0 {main}
"} 
[2022-06-08 11:03:43] local.ERROR: Cannot declare class App\Supplier, because the name is already in use {"exception":"[object] (Symfony\\Component\\ErrorHandler\\Error\\FatalError(code: 0): Cannot declare class App\\Supplier, because the name is already in use at C:\\xampp\\htdocs\\aha-inventory\\app\\Supplierr.php:7)
[stacktrace]
#0 {main}
"} 
[2022-06-08 11:04:43] local.ERROR: Cannot declare class App\Supplier, because the name is already in use {"exception":"[object] (Symfony\\Component\\ErrorHandler\\Error\\FatalError(code: 0): Cannot declare class App\\Supplier, because the name is already in use at C:\\xampp\\htdocs\\aha-inventory\\app\\Supplierr.php:7)
[stacktrace]
#0 {main}
"} 
[2022-06-08 11:05:43] local.ERROR: Cannot declare class App\Supplier, because the name is already in use {"exception":"[object] (Symfony\\Component\\ErrorHandler\\Error\\FatalError(code: 0): Cannot declare class App\\Supplier, because the name is already in use at C:\\xampp\\htdocs\\aha-inventory\\app\\Supplierr.php:7)
[stacktrace]
#0 {main}
"} 
[2022-06-08 11:06:43] local.ERROR: Cannot declare class App\Supplier, because the name is already in use {"exception":"[object] (Symfony\\Component\\ErrorHandler\\Error\\FatalError(code: 0): Cannot declare class App\\Supplier, because the name is already in use at C:\\xampp\\htdocs\\aha-inventory\\app\\Supplierr.php:7)
[stacktrace]
#0 {main}
"} 
[2022-06-08 11:07:43] local.ERROR: Cannot declare class App\Supplier, because the name is already in use {"exception":"[object] (Symfony\\Component\\ErrorHandler\\Error\\FatalError(code: 0): Cannot declare class App\\Supplier, because the name is already in use at C:\\xampp\\htdocs\\aha-inventory\\app\\Supplierr.php:7)
[stacktrace]
#0 {main}
"} 
[2022-06-08 11:08:43] local.ERROR: Cannot declare class App\Supplier, because the name is already in use {"exception":"[object] (Symfony\\Component\\ErrorHandler\\Error\\FatalError(code: 0): Cannot declare class App\\Supplier, because the name is already in use at C:\\xampp\\htdocs\\aha-inventory\\app\\Supplierr.php:7)
[stacktrace]
#0 {main}
"} 
[2022-06-08 11:09:43] local.ERROR: Cannot declare class App\Supplier, because the name is already in use {"exception":"[object] (Symfony\\Component\\ErrorHandler\\Error\\FatalError(code: 0): Cannot declare class App\\Supplier, because the name is already in use at C:\\xampp\\htdocs\\aha-inventory\\app\\Supplierr.php:7)
[stacktrace]
#0 {main}
"} 
[2022-06-08 11:10:43] local.ERROR: Cannot declare class App\Supplier, because the name is already in use {"exception":"[object] (Symfony\\Component\\ErrorHandler\\Error\\FatalError(code: 0): Cannot declare class App\\Supplier, because the name is already in use at C:\\xampp\\htdocs\\aha-inventory\\app\\Supplierr.php:7)
[stacktrace]
#0 {main}
"} 
[2022-06-08 11:11:43] local.ERROR: Cannot declare class App\Supplier, because the name is already in use {"exception":"[object] (Symfony\\Component\\ErrorHandler\\Error\\FatalError(code: 0): Cannot declare class App\\Supplier, because the name is already in use at C:\\xampp\\htdocs\\aha-inventory\\app\\Supplierr.php:7)
[stacktrace]
#0 {main}
"} 
[2022-06-08 11:12:43] local.ERROR: Cannot declare class App\Supplier, because the name is already in use {"exception":"[object] (Symfony\\Component\\ErrorHandler\\Error\\FatalError(code: 0): Cannot declare class App\\Supplier, because the name is already in use at C:\\xampp\\htdocs\\aha-inventory\\app\\Supplierr.php:7)
[stacktrace]
#0 {main}
"} 
[2022-06-08 11:13:43] local.ERROR: Cannot declare class App\Supplier, because the name is already in use {"exception":"[object] (Symfony\\Component\\ErrorHandler\\Error\\FatalError(code: 0): Cannot declare class App\\Supplier, because the name is already in use at C:\\xampp\\htdocs\\aha-inventory\\app\\Supplierr.php:7)
[stacktrace]
#0 {main}
"} 
[2022-06-08 11:14:43] local.ERROR: Cannot declare class App\Supplier, because the name is already in use {"exception":"[object] (Symfony\\Component\\ErrorHandler\\Error\\FatalError(code: 0): Cannot declare class App\\Supplier, because the name is already in use at C:\\xampp\\htdocs\\aha-inventory\\app\\Supplierr.php:7)
[stacktrace]
#0 {main}
"} 
[2022-06-08 11:15:43] local.ERROR: Cannot declare class App\Supplier, because the name is already in use {"exception":"[object] (Symfony\\Component\\ErrorHandler\\Error\\FatalError(code: 0): Cannot declare class App\\Supplier, because the name is already in use at C:\\xampp\\htdocs\\aha-inventory\\app\\Supplierr.php:7)
[stacktrace]
#0 {main}
"} 
[2022-06-08 11:16:43] local.ERROR: Cannot declare class App\Supplier, because the name is already in use {"exception":"[object] (Symfony\\Component\\ErrorHandler\\Error\\FatalError(code: 0): Cannot declare class App\\Supplier, because the name is already in use at C:\\xampp\\htdocs\\aha-inventory\\app\\Supplierr.php:7)
[stacktrace]
#0 {main}
"} 
[2022-06-08 11:17:43] local.ERROR: Cannot declare class App\Supplier, because the name is already in use {"exception":"[object] (Symfony\\Component\\ErrorHandler\\Error\\FatalError(code: 0): Cannot declare class App\\Supplier, because the name is already in use at C:\\xampp\\htdocs\\aha-inventory\\app\\Supplierr.php:7)
[stacktrace]
#0 {main}
"} 
[2022-06-08 11:18:43] local.ERROR: Cannot declare class App\Supplier, because the name is already in use {"exception":"[object] (Symfony\\Component\\ErrorHandler\\Error\\FatalError(code: 0): Cannot declare class App\\Supplier, because the name is already in use at C:\\xampp\\htdocs\\aha-inventory\\app\\Supplierr.php:7)
[stacktrace]
#0 {main}
"} 
[2022-06-08 11:19:43] local.ERROR: Cannot declare class App\Supplier, because the name is already in use {"exception":"[object] (Symfony\\Component\\ErrorHandler\\Error\\FatalError(code: 0): Cannot declare class App\\Supplier, because the name is already in use at C:\\xampp\\htdocs\\aha-inventory\\app\\Supplierr.php:7)
[stacktrace]
#0 {main}
"} 
[2022-06-08 11:20:43] local.ERROR: Cannot declare class App\Supplier, because the name is already in use {"exception":"[object] (Symfony\\Component\\ErrorHandler\\Error\\FatalError(code: 0): Cannot declare class App\\Supplier, because the name is already in use at C:\\xampp\\htdocs\\aha-inventory\\app\\Supplierr.php:7)
[stacktrace]
#0 {main}
"} 
[2022-06-08 11:21:43] local.ERROR: Cannot declare class App\Supplier, because the name is already in use {"exception":"[object] (Symfony\\Component\\ErrorHandler\\Error\\FatalError(code: 0): Cannot declare class App\\Supplier, because the name is already in use at C:\\xampp\\htdocs\\aha-inventory\\app\\Supplierr.php:7)
[stacktrace]
#0 {main}
"} 
[2022-06-08 11:22:43] local.ERROR: Cannot declare class App\Supplier, because the name is already in use {"exception":"[object] (Symfony\\Component\\ErrorHandler\\Error\\FatalError(code: 0): Cannot declare class App\\Supplier, because the name is already in use at C:\\xampp\\htdocs\\aha-inventory\\app\\Supplierr.php:7)
[stacktrace]
#0 {main}
"} 
[2022-06-08 11:23:43] local.ERROR: Cannot declare class App\Supplier, because the name is already in use {"exception":"[object] (Symfony\\Component\\ErrorHandler\\Error\\FatalError(code: 0): Cannot declare class App\\Supplier, because the name is already in use at C:\\xampp\\htdocs\\aha-inventory\\app\\Supplierr.php:7)
[stacktrace]
#0 {main}
"} 
[2022-06-08 11:24:43] local.ERROR: Cannot declare class App\Supplier, because the name is already in use {"exception":"[object] (Symfony\\Component\\ErrorHandler\\Error\\FatalError(code: 0): Cannot declare class App\\Supplier, because the name is already in use at C:\\xampp\\htdocs\\aha-inventory\\app\\Supplierr.php:7)
[stacktrace]
#0 {main}
"} 
[2022-06-08 11:25:43] local.ERROR: Cannot declare class App\Supplier, because the name is already in use {"exception":"[object] (Symfony\\Component\\ErrorHandler\\Error\\FatalError(code: 0): Cannot declare class App\\Supplier, because the name is already in use at C:\\xampp\\htdocs\\aha-inventory\\app\\Supplierr.php:7)
[stacktrace]
#0 {main}
"} 
[2022-06-08 11:26:43] local.ERROR: Cannot declare class App\Supplier, because the name is already in use {"exception":"[object] (Symfony\\Component\\ErrorHandler\\Error\\FatalError(code: 0): Cannot declare class App\\Supplier, because the name is already in use at C:\\xampp\\htdocs\\aha-inventory\\app\\Supplierr.php:7)
[stacktrace]
#0 {main}
"} 
[2022-06-08 11:27:43] local.ERROR: Cannot declare class App\Supplier, because the name is already in use {"exception":"[object] (Symfony\\Component\\ErrorHandler\\Error\\FatalError(code: 0): Cannot declare class App\\Supplier, because the name is already in use at C:\\xampp\\htdocs\\aha-inventory\\app\\Supplierr.php:7)
[stacktrace]
#0 {main}
"} 
[2022-06-08 11:28:43] local.ERROR: Cannot declare class App\Supplier, because the name is already in use {"exception":"[object] (Symfony\\Component\\ErrorHandler\\Error\\FatalError(code: 0): Cannot declare class App\\Supplier, because the name is already in use at C:\\xampp\\htdocs\\aha-inventory\\app\\Supplierr.php:7)
[stacktrace]
#0 {main}
"} 
[2022-06-08 11:29:43] local.ERROR: Cannot declare class App\Supplier, because the name is already in use {"exception":"[object] (Symfony\\Component\\ErrorHandler\\Error\\FatalError(code: 0): Cannot declare class App\\Supplier, because the name is already in use at C:\\xampp\\htdocs\\aha-inventory\\app\\Supplierr.php:7)
[stacktrace]
#0 {main}
"} 
[2022-06-08 11:30:43] local.ERROR: Cannot declare class App\Supplier, because the name is already in use {"exception":"[object] (Symfony\\Component\\ErrorHandler\\Error\\FatalError(code: 0): Cannot declare class App\\Supplier, because the name is already in use at C:\\xampp\\htdocs\\aha-inventory\\app\\Supplierr.php:7)
[stacktrace]
#0 {main}
"} 
[2022-06-08 11:31:43] local.ERROR: Cannot declare class App\Supplier, because the name is already in use {"exception":"[object] (Symfony\\Component\\ErrorHandler\\Error\\FatalError(code: 0): Cannot declare class App\\Supplier, because the name is already in use at C:\\xampp\\htdocs\\aha-inventory\\app\\Supplierr.php:7)
[stacktrace]
#0 {main}
"} 
[2022-06-08 11:32:43] local.ERROR: Cannot declare class App\Supplier, because the name is already in use {"exception":"[object] (Symfony\\Component\\ErrorHandler\\Error\\FatalError(code: 0): Cannot declare class App\\Supplier, because the name is already in use at C:\\xampp\\htdocs\\aha-inventory\\app\\Supplierr.php:7)
[stacktrace]
#0 {main}
"} 
[2022-06-08 11:33:43] local.ERROR: Cannot declare class App\Supplier, because the name is already in use {"exception":"[object] (Symfony\\Component\\ErrorHandler\\Error\\FatalError(code: 0): Cannot declare class App\\Supplier, because the name is already in use at C:\\xampp\\htdocs\\aha-inventory\\app\\Supplierr.php:7)
[stacktrace]
#0 {main}
"} 
[2022-06-08 11:34:43] local.ERROR: Cannot declare class App\Supplier, because the name is already in use {"exception":"[object] (Symfony\\Component\\ErrorHandler\\Error\\FatalError(code: 0): Cannot declare class App\\Supplier, because the name is already in use at C:\\xampp\\htdocs\\aha-inventory\\app\\Supplierr.php:7)
[stacktrace]
#0 {main}
"} 
[2022-06-08 11:35:43] local.ERROR: Cannot declare class App\Supplier, because the name is already in use {"exception":"[object] (Symfony\\Component\\ErrorHandler\\Error\\FatalError(code: 0): Cannot declare class App\\Supplier, because the name is already in use at C:\\xampp\\htdocs\\aha-inventory\\app\\Supplierr.php:7)
[stacktrace]
#0 {main}
"} 
[2022-06-08 11:36:43] local.ERROR: Cannot declare class App\Supplier, because the name is already in use {"exception":"[object] (Symfony\\Component\\ErrorHandler\\Error\\FatalError(code: 0): Cannot declare class App\\Supplier, because the name is already in use at C:\\xampp\\htdocs\\aha-inventory\\app\\Supplierr.php:7)
[stacktrace]
#0 {main}
"} 
[2022-06-08 11:37:43] local.ERROR: Cannot declare class App\Supplier, because the name is already in use {"exception":"[object] (Symfony\\Component\\ErrorHandler\\Error\\FatalError(code: 0): Cannot declare class App\\Supplier, because the name is already in use at C:\\xampp\\htdocs\\aha-inventory\\app\\Supplierr.php:7)
[stacktrace]
#0 {main}
"} 
[2022-06-08 11:38:43] local.ERROR: Cannot declare class App\Supplier, because the name is already in use {"exception":"[object] (Symfony\\Component\\ErrorHandler\\Error\\FatalError(code: 0): Cannot declare class App\\Supplier, because the name is already in use at C:\\xampp\\htdocs\\aha-inventory\\app\\Supplierr.php:7)
[stacktrace]
#0 {main}
"} 
[2022-06-08 11:39:43] local.ERROR: Cannot declare class App\Supplier, because the name is already in use {"exception":"[object] (Symfony\\Component\\ErrorHandler\\Error\\FatalError(code: 0): Cannot declare class App\\Supplier, because the name is already in use at C:\\xampp\\htdocs\\aha-inventory\\app\\Supplierr.php:7)
[stacktrace]
#0 {main}
"} 
[2022-06-08 11:40:43] local.ERROR: Cannot declare class App\Supplier, because the name is already in use {"exception":"[object] (Symfony\\Component\\ErrorHandler\\Error\\FatalError(code: 0): Cannot declare class App\\Supplier, because the name is already in use at C:\\xampp\\htdocs\\aha-inventory\\app\\Supplierr.php:7)
[stacktrace]
#0 {main}
"} 
[2022-06-08 11:41:43] local.ERROR: Cannot declare class App\Supplier, because the name is already in use {"exception":"[object] (Symfony\\Component\\ErrorHandler\\Error\\FatalError(code: 0): Cannot declare class App\\Supplier, because the name is already in use at C:\\xampp\\htdocs\\aha-inventory\\app\\Supplierr.php:7)
[stacktrace]
#0 {main}
"} 
[2022-06-08 11:42:43] local.ERROR: Cannot declare class App\Supplier, because the name is already in use {"exception":"[object] (Symfony\\Component\\ErrorHandler\\Error\\FatalError(code: 0): Cannot declare class App\\Supplier, because the name is already in use at C:\\xampp\\htdocs\\aha-inventory\\app\\Supplierr.php:7)
[stacktrace]
#0 {main}
"} 
[2022-06-08 11:43:43] local.ERROR: Cannot declare class App\Supplier, because the name is already in use {"exception":"[object] (Symfony\\Component\\ErrorHandler\\Error\\FatalError(code: 0): Cannot declare class App\\Supplier, because the name is already in use at C:\\xampp\\htdocs\\aha-inventory\\app\\Supplierr.php:7)
[stacktrace]
#0 {main}
"} 
[2022-06-08 11:44:43] local.ERROR: Cannot declare class App\Supplier, because the name is already in use {"exception":"[object] (Symfony\\Component\\ErrorHandler\\Error\\FatalError(code: 0): Cannot declare class App\\Supplier, because the name is already in use at C:\\xampp\\htdocs\\aha-inventory\\app\\Supplierr.php:7)
[stacktrace]
#0 {main}
"} 
[2022-06-08 11:45:43] local.ERROR: Cannot declare class App\Supplier, because the name is already in use {"exception":"[object] (Symfony\\Component\\ErrorHandler\\Error\\FatalError(code: 0): Cannot declare class App\\Supplier, because the name is already in use at C:\\xampp\\htdocs\\aha-inventory\\app\\Supplierr.php:7)
[stacktrace]
#0 {main}
"} 
[2022-06-08 11:46:43] local.ERROR: Cannot declare class App\Supplier, because the name is already in use {"exception":"[object] (Symfony\\Component\\ErrorHandler\\Error\\FatalError(code: 0): Cannot declare class App\\Supplier, because the name is already in use at C:\\xampp\\htdocs\\aha-inventory\\app\\Supplierr.php:7)
[stacktrace]
#0 {main}
"} 
[2022-06-08 11:47:43] local.ERROR: Cannot declare class App\Supplier, because the name is already in use {"exception":"[object] (Symfony\\Component\\ErrorHandler\\Error\\FatalError(code: 0): Cannot declare class App\\Supplier, because the name is already in use at C:\\xampp\\htdocs\\aha-inventory\\app\\Supplierr.php:7)
[stacktrace]
#0 {main}
"} 
[2022-06-08 11:48:43] local.ERROR: Cannot declare class App\Supplier, because the name is already in use {"exception":"[object] (Symfony\\Component\\ErrorHandler\\Error\\FatalError(code: 0): Cannot declare class App\\Supplier, because the name is already in use at C:\\xampp\\htdocs\\aha-inventory\\app\\Supplierr.php:7)
[stacktrace]
#0 {main}
"} 
[2022-06-08 11:49:43] local.ERROR: Cannot declare class App\Supplier, because the name is already in use {"exception":"[object] (Symfony\\Component\\ErrorHandler\\Error\\FatalError(code: 0): Cannot declare class App\\Supplier, because the name is already in use at C:\\xampp\\htdocs\\aha-inventory\\app\\Supplierr.php:7)
[stacktrace]
#0 {main}
"} 
[2022-06-08 11:50:43] local.ERROR: Cannot declare class App\Supplier, because the name is already in use {"exception":"[object] (Symfony\\Component\\ErrorHandler\\Error\\FatalError(code: 0): Cannot declare class App\\Supplier, because the name is already in use at C:\\xampp\\htdocs\\aha-inventory\\app\\Supplierr.php:7)
[stacktrace]
#0 {main}
"} 
[2022-06-08 11:51:43] local.ERROR: Cannot declare class App\Supplier, because the name is already in use {"exception":"[object] (Symfony\\Component\\ErrorHandler\\Error\\FatalError(code: 0): Cannot declare class App\\Supplier, because the name is already in use at C:\\xampp\\htdocs\\aha-inventory\\app\\Supplierr.php:7)
[stacktrace]
#0 {main}
"} 
[2022-06-08 11:52:43] local.ERROR: Cannot declare class App\Supplier, because the name is already in use {"exception":"[object] (Symfony\\Component\\ErrorHandler\\Error\\FatalError(code: 0): Cannot declare class App\\Supplier, because the name is already in use at C:\\xampp\\htdocs\\aha-inventory\\app\\Supplierr.php:7)
[stacktrace]
#0 {main}
"} 
[2022-06-08 11:53:43] local.ERROR: Cannot declare class App\Supplier, because the name is already in use {"exception":"[object] (Symfony\\Component\\ErrorHandler\\Error\\FatalError(code: 0): Cannot declare class App\\Supplier, because the name is already in use at C:\\xampp\\htdocs\\aha-inventory\\app\\Supplierr.php:7)
[stacktrace]
#0 {main}
"} 
[2022-06-08 11:54:43] local.ERROR: Cannot declare class App\Supplier, because the name is already in use {"exception":"[object] (Symfony\\Component\\ErrorHandler\\Error\\FatalError(code: 0): Cannot declare class App\\Supplier, because the name is already in use at C:\\xampp\\htdocs\\aha-inventory\\app\\Supplierr.php:7)
[stacktrace]
#0 {main}
"} 
[2022-06-08 11:55:43] local.ERROR: Cannot declare class App\Supplier, because the name is already in use {"exception":"[object] (Symfony\\Component\\ErrorHandler\\Error\\FatalError(code: 0): Cannot declare class App\\Supplier, because the name is already in use at C:\\xampp\\htdocs\\aha-inventory\\app\\Supplierr.php:7)
[stacktrace]
#0 {main}
"} 
[2022-06-08 11:56:43] local.ERROR: Cannot declare class App\Supplier, because the name is already in use {"exception":"[object] (Symfony\\Component\\ErrorHandler\\Error\\FatalError(code: 0): Cannot declare class App\\Supplier, because the name is already in use at C:\\xampp\\htdocs\\aha-inventory\\app\\Supplierr.php:7)
[stacktrace]
#0 {main}
"} 
[2022-06-08 11:57:43] local.ERROR: Cannot declare class App\Supplier, because the name is already in use {"exception":"[object] (Symfony\\Component\\ErrorHandler\\Error\\FatalError(code: 0): Cannot declare class App\\Supplier, because the name is already in use at C:\\xampp\\htdocs\\aha-inventory\\app\\Supplierr.php:7)
[stacktrace]
#0 {main}
"} 
[2022-06-08 11:58:43] local.ERROR: Cannot declare class App\Supplier, because the name is already in use {"exception":"[object] (Symfony\\Component\\ErrorHandler\\Error\\FatalError(code: 0): Cannot declare class App\\Supplier, because the name is already in use at C:\\xampp\\htdocs\\aha-inventory\\app\\Supplierr.php:7)
[stacktrace]
#0 {main}
"} 
[2022-06-08 11:59:43] local.ERROR: Cannot declare class App\Supplier, because the name is already in use {"exception":"[object] (Symfony\\Component\\ErrorHandler\\Error\\FatalError(code: 0): Cannot declare class App\\Supplier, because the name is already in use at C:\\xampp\\htdocs\\aha-inventory\\app\\Supplierr.php:7)
[stacktrace]
#0 {main}
"} 
[2022-06-08 12:00:43] local.ERROR: Cannot declare class App\Supplier, because the name is already in use {"exception":"[object] (Symfony\\Component\\ErrorHandler\\Error\\FatalError(code: 0): Cannot declare class App\\Supplier, because the name is already in use at C:\\xampp\\htdocs\\aha-inventory\\app\\Supplierr.php:7)
[stacktrace]
#0 {main}
"} 
[2022-06-08 12:01:43] local.ERROR: Cannot declare class App\Supplier, because the name is already in use {"exception":"[object] (Symfony\\Component\\ErrorHandler\\Error\\FatalError(code: 0): Cannot declare class App\\Supplier, because the name is already in use at C:\\xampp\\htdocs\\aha-inventory\\app\\Supplierr.php:7)
[stacktrace]
#0 {main}
"} 
[2022-06-08 12:02:43] local.ERROR: Cannot declare class App\Supplier, because the name is already in use {"exception":"[object] (Symfony\\Component\\ErrorHandler\\Error\\FatalError(code: 0): Cannot declare class App\\Supplier, because the name is already in use at C:\\xampp\\htdocs\\aha-inventory\\app\\Supplierr.php:7)
[stacktrace]
#0 {main}
"} 
[2022-06-08 12:03:43] local.ERROR: Cannot declare class App\Supplier, because the name is already in use {"exception":"[object] (Symfony\\Component\\ErrorHandler\\Error\\FatalError(code: 0): Cannot declare class App\\Supplier, because the name is already in use at C:\\xampp\\htdocs\\aha-inventory\\app\\Supplierr.php:7)
[stacktrace]
#0 {main}
"} 
[2022-06-08 12:04:43] local.ERROR: Cannot declare class App\Supplier, because the name is already in use {"exception":"[object] (Symfony\\Component\\ErrorHandler\\Error\\FatalError(code: 0): Cannot declare class App\\Supplier, because the name is already in use at C:\\xampp\\htdocs\\aha-inventory\\app\\Supplierr.php:7)
[stacktrace]
#0 {main}
"} 
[2022-06-08 12:05:43] local.ERROR: Cannot declare class App\Supplier, because the name is already in use {"exception":"[object] (Symfony\\Component\\ErrorHandler\\Error\\FatalError(code: 0): Cannot declare class App\\Supplier, because the name is already in use at C:\\xampp\\htdocs\\aha-inventory\\app\\Supplierr.php:7)
[stacktrace]
#0 {main}
"} 
[2022-06-08 12:06:43] local.ERROR: Cannot declare class App\Supplier, because the name is already in use {"exception":"[object] (Symfony\\Component\\ErrorHandler\\Error\\FatalError(code: 0): Cannot declare class App\\Supplier, because the name is already in use at C:\\xampp\\htdocs\\aha-inventory\\app\\Supplierr.php:7)
[stacktrace]
#0 {main}
"} 
[2022-06-08 12:07:43] local.ERROR: Cannot declare class App\Supplier, because the name is already in use {"exception":"[object] (Symfony\\Component\\ErrorHandler\\Error\\FatalError(code: 0): Cannot declare class App\\Supplier, because the name is already in use at C:\\xampp\\htdocs\\aha-inventory\\app\\Supplierr.php:7)
[stacktrace]
#0 {main}
"} 
[2022-06-08 12:08:43] local.ERROR: Cannot declare class App\Supplier, because the name is already in use {"exception":"[object] (Symfony\\Component\\ErrorHandler\\Error\\FatalError(code: 0): Cannot declare class App\\Supplier, because the name is already in use at C:\\xampp\\htdocs\\aha-inventory\\app\\Supplierr.php:7)
[stacktrace]
#0 {main}
"} 
[2022-06-08 12:09:43] local.ERROR: Cannot declare class App\Supplier, because the name is already in use {"exception":"[object] (Symfony\\Component\\ErrorHandler\\Error\\FatalError(code: 0): Cannot declare class App\\Supplier, because the name is already in use at C:\\xampp\\htdocs\\aha-inventory\\app\\Supplierr.php:7)
[stacktrace]
#0 {main}
"} 
[2022-06-08 12:10:43] local.ERROR: Cannot declare class App\Supplier, because the name is already in use {"exception":"[object] (Symfony\\Component\\ErrorHandler\\Error\\FatalError(code: 0): Cannot declare class App\\Supplier, because the name is already in use at C:\\xampp\\htdocs\\aha-inventory\\app\\Supplierr.php:7)
[stacktrace]
#0 {main}
"} 
[2022-06-08 12:11:43] local.ERROR: Cannot declare class App\Supplier, because the name is already in use {"exception":"[object] (Symfony\\Component\\ErrorHandler\\Error\\FatalError(code: 0): Cannot declare class App\\Supplier, because the name is already in use at C:\\xampp\\htdocs\\aha-inventory\\app\\Supplierr.php:7)
[stacktrace]
#0 {main}
"} 
